[1734359660] Executed Order: [Best Order: OrderRequest { broker_id: 6, client_id: 5, order_id: "order63", stock_symbol: "APPL", order_type: Limit, order_action: Buy, price: 100.0, quantity: 6, status: Completed }] [Market Order: OrderRequest { broker_id: 1, client_id: 3, order_id: "order84", stock_symbol: "APPL", order_type: Market, order_action: Sell, price: 100.0, quantity: 6, status: Completed }] | 

Updated Stock: [Name: APPL, Price: 100.00]
------------------
[1734359670] Executed Order: [Best Order: OrderRequest { broker_id: 8, client_id: 2, order_id: "order34", stock_symbol: "APPL", order_type: Limit, order_action: Buy, price: 87.6008646889062, quantity: 8, status: Completed }] [Market Order: OrderRequest { broker_id: 5, client_id: 9, order_id: "order25", stock_symbol: "APPL", order_type: Market, order_action: Sell, price: 87.6008646889062, quantity: 8, status: Completed }] | 

Updated Stock: [Name: APPL, Price: 87.60]
------------------
[1734359670] Executed Order: [Best Order: OrderRequest { broker_id: 9, client_id: 7, order_id: "order64", stock_symbol: "APPL", order_type: Limit, order_action: Buy, price: 82.24849813347667, quantity: 1, status: Completed }] [Market Order: OrderRequest { broker_id: 5, client_id: 9, order_id: "order25", stock_symbol: "APPL", order_type: Market, order_action: Sell, price: 82.24849813347667, quantity: 1, status: Completed }] | 

Updated Stock: [Name: APPL, Price: 82.25]
------------------
[1734359673] Executed Order: [Best Order: OrderRequest { broker_id: 2, client_id: 10, order_id: "order95", stock_symbol: "TSLA", order_type: Limit, order_action: Sell, price: 100.0, quantity: 1, status: Completed }] [Market Order: OrderRequest { broker_id: 3, client_id: 5, order_id: "order31", stock_symbol: "TSLA", order_type: Market, order_action: Buy, price: 100.0, quantity: 1, status: Completed }] | 

Updated Stock: [Name: TSLA, Price: 100.00]
------------------
[1734359674] Executed Order: [Best Order: OrderRequest { broker_id: 4, client_id: 9, order_id: "order41", stock_symbol: "GOOG", order_type: Limit, order_action: Buy, price: 86.79219471707349, quantity: 3, status: Completed }] [Market Order: OrderRequest { broker_id: 6, client_id: 9, order_id: "order89", stock_symbol: "GOOG", order_type: Market, order_action: Sell, price: 86.79219471707349, quantity: 3, status: Completed }] | 

Updated Stock: [Name: GOOG, Price: 86.79]
------------------
[1734359675] Executed Order: [Best Order: OrderRequest { broker_id: 3, client_id: 5, order_id: "order31", stock_symbol: "TSLA", order_type: Limit, order_action: Buy, price: 100.0, quantity: 7, status: Completed }] [Market Order: OrderRequest { broker_id: 4, client_id: 9, order_id: "order61", stock_symbol: "TSLA", order_type: Market, order_action: Sell, price: 100.0, quantity: 7, status: Completed }] | 

Updated Stock: [Name: TSLA, Price: 100.00]
------------------
[1734359676] Executed Order: [Best Order: OrderRequest { broker_id: 9, client_id: 5, order_id: "order65", stock_symbol: "AMZN", order_type: Limit, order_action: Buy, price: 81.67990035632758, quantity: 1, status: Completed }] [Market Order: OrderRequest { broker_id: 4, client_id: 4, order_id: "order43", stock_symbol: "AMZN", order_type: Market, order_action: Sell, price: 81.67990035632758, quantity: 1, status: Completed }] | 

Updated Stock: [Name: AMZN, Price: 81.68]
------------------
[1734359678] Executed Order: [Best Order: OrderRequest { broker_id: 7, client_id: 8, order_id: "order95", stock_symbol: "GOOG", order_type: Limit, order_action: Sell, price: 100.0, quantity: 2, status: Completed }] [Market Order: OrderRequest { broker_id: 3, client_id: 3, order_id: "order89", stock_symbol: "GOOG", order_type: Market, order_action: Buy, price: 100.0, quantity: 2, status: Completed }] | 

Updated Stock: [Name: GOOG, Price: 100.00]
------------------
[1734359678] Executed Order: [Best Order: OrderRequest { broker_id: 6, client_id: 9, order_id: "order89", stock_symbol: "GOOG", order_type: Limit, order_action: Sell, price: 100.0, quantity: 7, status: Completed }] [Market Order: OrderRequest { broker_id: 3, client_id: 3, order_id: "order89", stock_symbol: "GOOG", order_type: Market, order_action: Buy, price: 100.0, quantity: 7, status: Completed }] | 

Updated Stock: [Name: GOOG, Price: 100.00]
------------------
[1734359679] Executed Order: [Best Order: OrderRequest { broker_id: 3, client_id: 3, order_id: "order89", stock_symbol: "GOOG", order_type: Limit, order_action: Buy, price: 100.0, quantity: 1, status: Completed }] [Market Order: OrderRequest { broker_id: 10, client_id: 6, order_id: "order16", stock_symbol: "GOOG", order_type: Market, order_action: Sell, price: 100.0, quantity: 1, status: Completed }] | 

Updated Stock: [Name: GOOG, Price: 100.00]
------------------
[1734359682] Executed Order: [Best Order: OrderRequest { broker_id: 10, client_id: 6, order_id: "order16", stock_symbol: "GOOG", order_type: Limit, order_action: Sell, price: 100.0, quantity: 1, status: Completed }] [Market Order: OrderRequest { broker_id: 5, client_id: 1, order_id: "order94", stock_symbol: "GOOG", order_type: Market, order_action: Buy, price: 100.0, quantity: 1, status: Completed }] | 

Updated Stock: [Name: GOOG, Price: 100.00]
------------------
[1734359685] Executed Order: [Best Order: OrderRequest { broker_id: 1, client_id: 3, order_id: "order84", stock_symbol: "APPL", order_type: Limit, order_action: Sell, price: 100.0, quantity: 3, status: Completed }] [Market Order: OrderRequest { broker_id: 6, client_id: 3, order_id: "order81", stock_symbol: "APPL", order_type: Market, order_action: Buy, price: 100.0, quantity: 3, status: Completed }] | 

Updated Stock: [Name: APPL, Price: 100.00]
------------------
[1734359685] Executed Order: [Best Order: OrderRequest { broker_id: 10, client_id: 10, order_id: "order68", stock_symbol: "APPL", order_type: Limit, order_action: Sell, price: 104.98623422205829, quantity: 2, status: Completed }] [Market Order: OrderRequest { broker_id: 6, client_id: 3, order_id: "order81", stock_symbol: "APPL", order_type: Market, order_action: Buy, price: 104.98623422205829, quantity: 2, status: Completed }] | 

Updated Stock: [Name: APPL, Price: 104.99]
------------------
[1734359685] Executed Order: [Best Order: OrderRequest { broker_id: 3, client_id: 7, order_id: "order80", stock_symbol: "APPL", order_type: Limit, order_action: Sell, price: 119.40590321671556, quantity: 3, status: Completed }] [Market Order: OrderRequest { broker_id: 6, client_id: 3, order_id: "order81", stock_symbol: "APPL", order_type: Market, order_action: Buy, price: 119.40590321671556, quantity: 3, status: Completed }] | 

Updated Stock: [Name: APPL, Price: 119.41]
------------------
[1734359687] Executed Order: [Best Order: OrderRequest { broker_id: 8, client_id: 10, order_id: "order45", stock_symbol: "APPL", order_type: Limit, order_action: Sell, price: 108.61506718411046, quantity: 2, status: Completed }] [Market Order: OrderRequest { broker_id: 5, client_id: 10, order_id: "order80", stock_symbol: "APPL", order_type: Market, order_action: Buy, price: 108.61506718411046, quantity: 2, status: Completed }] | 

Updated Stock: [Name: APPL, Price: 108.62]
------------------
[1734359687] Executed Order: [Best Order: OrderRequest { broker_id: 3, client_id: 7, order_id: "order80", stock_symbol: "APPL", order_type: Limit, order_action: Sell, price: 119.40590321671556, quantity: 1, status: Completed }] [Market Order: OrderRequest { broker_id: 5, client_id: 10, order_id: "order80", stock_symbol: "APPL", order_type: Market, order_action: Buy, price: 119.40590321671556, quantity: 1, status: Completed }] | 

Updated Stock: [Name: APPL, Price: 119.41]
------------------
[1734359692] Executed Order: [Best Order: OrderRequest { broker_id: 4, client_id: 9, order_id: "order61", stock_symbol: "TSLA", order_type: Limit, order_action: Sell, price: 100.0, quantity: 3, status: Completed }] [Market Order: OrderRequest { broker_id: 1, client_id: 3, order_id: "order62", stock_symbol: "TSLA", order_type: Market, order_action: Buy, price: 100.0, quantity: 3, status: Completed }] | 

Updated Stock: [Name: TSLA, Price: 100.00]
------------------
[1734359692] Executed Order: [Best Order: OrderRequest { broker_id: 4, client_id: 4, order_id: "order16", stock_symbol: "TSLA", order_type: Limit, order_action: Sell, price: 100.0, quantity: 4, status: Completed }] [Market Order: OrderRequest { broker_id: 1, client_id: 3, order_id: "order62", stock_symbol: "TSLA", order_type: Market, order_action: Buy, price: 100.0, quantity: 4, status: Completed }] | 

Updated Stock: [Name: TSLA, Price: 100.00]
------------------
[1734359693] Executed Order: [Best Order: OrderRequest { broker_id: 6, client_id: 7, order_id: "order71", stock_symbol: "AMZN", order_type: Limit, order_action: Sell, price: 100.0, quantity: 4, status: Completed }] [Market Order: OrderRequest { broker_id: 3, client_id: 6, order_id: "order89", stock_symbol: "AMZN", order_type: Market, order_action: Buy, price: 100.0, quantity: 4, status: Completed }] | 

Updated Stock: [Name: AMZN, Price: 100.00]
------------------
[1734359695] Executed Order: [Best Order: OrderRequest { broker_id: 4, client_id: 4, order_id: "order16", stock_symbol: "TSLA", order_type: Limit, order_action: Sell, price: 100.0, quantity: 5, status: Completed }] [Market Order: OrderRequest { broker_id: 9, client_id: 8, order_id: "order67", stock_symbol: "TSLA", order_type: Market, order_action: Buy, price: 100.0, quantity: 5, status: Completed }] | 

Updated Stock: [Name: TSLA, Price: 100.00]
------------------
[1734359697] Executed Order: [Best Order: OrderRequest { broker_id: 10, client_id: 6, order_id: "order16", stock_symbol: "GOOG", order_type: Limit, order_action: Sell, price: 100.0, quantity: 2, status: Completed }] [Market Order: OrderRequest { broker_id: 2, client_id: 1, order_id: "order13", stock_symbol: "GOOG", order_type: Market, order_action: Buy, price: 100.0, quantity: 2, status: Completed }] | 

Updated Stock: [Name: GOOG, Price: 100.00]
------------------
[1734359699] Executed Order: [Best Order: OrderRequest { broker_id: 9, client_id: 8, order_id: "order67", stock_symbol: "TSLA", order_type: Limit, order_action: Buy, price: 100.0, quantity: 1, status: Completed }] [Market Order: OrderRequest { broker_id: 8, client_id: 9, order_id: "order19", stock_symbol: "TSLA", order_type: Market, order_action: Sell, price: 100.0, quantity: 1, status: Completed }] | 

Updated Stock: [Name: TSLA, Price: 100.00]
------------------
[1734359703] Executed Order: [Best Order: OrderRequest { broker_id: 10, client_id: 6, order_id: "order16", stock_symbol: "GOOG", order_type: Limit, order_action: Sell, price: 100.0, quantity: 3, status: Completed }] [Market Order: OrderRequest { broker_id: 3, client_id: 1, order_id: "order93", stock_symbol: "GOOG", order_type: Market, order_action: Buy, price: 100.0, quantity: 3, status: Completed }] | 

Updated Stock: [Name: GOOG, Price: 100.00]
------------------
[1734359703] Executed Order: [Best Order: OrderRequest { broker_id: 10, client_id: 9, order_id: "order75", stock_symbol: "GOOG", order_type: Limit, order_action: Sell, price: 100.0, quantity: 1, status: Completed }] [Market Order: OrderRequest { broker_id: 3, client_id: 1, order_id: "order93", stock_symbol: "GOOG", order_type: Market, order_action: Buy, price: 100.0, quantity: 1, status: Completed }] | 

Updated Stock: [Name: GOOG, Price: 100.00]
------------------
[1734359707] Executed Order: [Best Order: OrderRequest { broker_id: 2, client_id: 2, order_id: "order97", stock_symbol: "MSFT", order_type: Limit, order_action: Sell, price: 100.0, quantity: 2, status: Completed }] [Market Order: OrderRequest { broker_id: 7, client_id: 1, order_id: "order64", stock_symbol: "MSFT", order_type: Market, order_action: Buy, price: 100.0, quantity: 2, status: Completed }] | 

Updated Stock: [Name: MSFT, Price: 100.00]
------------------
[1734359707] Executed Order: [Best Order: OrderRequest { broker_id: 7, client_id: 7, order_id: "order74", stock_symbol: "MSFT", order_type: Limit, order_action: Sell, price: 100.0, quantity: 5, status: Completed }] [Market Order: OrderRequest { broker_id: 7, client_id: 1, order_id: "order64", stock_symbol: "MSFT", order_type: Market, order_action: Buy, price: 100.0, quantity: 5, status: Completed }] | 

Updated Stock: [Name: MSFT, Price: 100.00]
------------------
[1734359709] Executed Order: [Best Order: OrderRequest { broker_id: 3, client_id: 2, order_id: "order43", stock_symbol: "APPL", order_type: Limit, order_action: Sell, price: 113.655360042208, quantity: 3, status: Completed }] [Market Order: OrderRequest { broker_id: 10, client_id: 3, order_id: "order51", stock_symbol: "APPL", order_type: Market, order_action: Buy, price: 113.655360042208, quantity: 3, status: Completed }] | 

Updated Stock: [Name: APPL, Price: 113.66]
------------------
[1734359710] Executed Order: [Best Order: OrderRequest { broker_id: 10, client_id: 9, order_id: "order75", stock_symbol: "GOOG", order_type: Limit, order_action: Sell, price: 100.0, quantity: 1, status: Completed }] [Market Order: OrderRequest { broker_id: 1, client_id: 6, order_id: "order52", stock_symbol: "GOOG", order_type: Market, order_action: Buy, price: 100.0, quantity: 1, status: Completed }] | 

Updated Stock: [Name: GOOG, Price: 100.00]
------------------
[1734359710] Executed Order: [Best Order: OrderRequest { broker_id: 2, client_id: 1, order_id: "order90", stock_symbol: "GOOG", order_type: Limit, order_action: Sell, price: 100.0, quantity: 4, status: Completed }] [Market Order: OrderRequest { broker_id: 1, client_id: 6, order_id: "order52", stock_symbol: "GOOG", order_type: Market, order_action: Buy, price: 100.0, quantity: 4, status: Completed }] | 

Updated Stock: [Name: GOOG, Price: 100.00]
------------------
[1734359712] Executed Order: [Best Order: OrderRequest { broker_id: 2, client_id: 1, order_id: "order90", stock_symbol: "GOOG", order_type: Limit, order_action: Sell, price: 100.0, quantity: 4, status: Completed }] [Market Order: OrderRequest { broker_id: 8, client_id: 5, order_id: "order57", stock_symbol: "GOOG", order_type: Market, order_action: Buy, price: 100.0, quantity: 4, status: Completed }] | 

Updated Stock: [Name: GOOG, Price: 100.00]
------------------
[1734359712] Executed Order: [Best Order: OrderRequest { broker_id: 3, client_id: 9, order_id: "order60", stock_symbol: "GOOG", order_type: Limit, order_action: Sell, price: 105.80908051745055, quantity: 2, status: Completed }] [Market Order: OrderRequest { broker_id: 8, client_id: 5, order_id: "order57", stock_symbol: "GOOG", order_type: Market, order_action: Buy, price: 105.80908051745055, quantity: 2, status: Completed }] | 

Updated Stock: [Name: GOOG, Price: 105.81]
------------------
[1734359714] Executed Order: [Best Order: OrderRequest { broker_id: 3, client_id: 9, order_id: "order60", stock_symbol: "GOOG", order_type: Limit, order_action: Sell, price: 105.80908051745055, quantity: 3, status: Completed }] [Market Order: OrderRequest { broker_id: 9, client_id: 10, order_id: "order65", stock_symbol: "GOOG", order_type: Market, order_action: Buy, price: 105.80908051745055, quantity: 3, status: Completed }] | 

Updated Stock: [Name: GOOG, Price: 105.81]
------------------
[1734359714] Executed Order: [Best Order: OrderRequest { broker_id: 1, client_id: 4, order_id: "order40", stock_symbol: "GOOG", order_type: Limit, order_action: Sell, price: 108.27769938590696, quantity: 5, status: Completed }] [Market Order: OrderRequest { broker_id: 9, client_id: 10, order_id: "order65", stock_symbol: "GOOG", order_type: Market, order_action: Buy, price: 108.27769938590696, quantity: 5, status: Completed }] | 

Updated Stock: [Name: GOOG, Price: 108.28]
------------------
[1734359714] Executed Order: [Best Order: OrderRequest { broker_id: 6, client_id: 5, order_id: "order81", stock_symbol: "GOOG", order_type: Limit, order_action: Sell, price: 111.48531686406407, quantity: 1, status: Completed }] [Market Order: OrderRequest { broker_id: 9, client_id: 10, order_id: "order65", stock_symbol: "GOOG", order_type: Market, order_action: Buy, price: 111.48531686406407, quantity: 1, status: Completed }] | 

Updated Stock: [Name: GOOG, Price: 111.49]
------------------
[1734359715] Executed Order: [Best Order: OrderRequest { broker_id: 3, client_id: 2, order_id: "order43", stock_symbol: "APPL", order_type: Limit, order_action: Sell, price: 113.655360042208, quantity: 2, status: Completed }] [Market Order: OrderRequest { broker_id: 5, client_id: 3, order_id: "order46", stock_symbol: "APPL", order_type: Market, order_action: Buy, price: 113.655360042208, quantity: 2, status: Completed }] | 

Updated Stock: [Name: APPL, Price: 113.66]
------------------
[1734359718] Executed Order: [Best Order: OrderRequest { broker_id: 6, client_id: 7, order_id: "order71", stock_symbol: "AMZN", order_type: Limit, order_action: Sell, price: 100.0, quantity: 4, status: Completed }] [Market Order: OrderRequest { broker_id: 7, client_id: 6, order_id: "order31", stock_symbol: "AMZN", order_type: Market, order_action: Buy, price: 100.0, quantity: 4, status: Completed }] | 

Updated Stock: [Name: AMZN, Price: 100.00]
------------------
[1734359718] Executed Order: [Best Order: OrderRequest { broker_id: 4, client_id: 4, order_id: "order43", stock_symbol: "AMZN", order_type: Limit, order_action: Sell, price: 100.0, quantity: 5, status: Completed }] [Market Order: OrderRequest { broker_id: 7, client_id: 6, order_id: "order31", stock_symbol: "AMZN", order_type: Market, order_action: Buy, price: 100.0, quantity: 5, status: Completed }] | 

Updated Stock: [Name: AMZN, Price: 100.00]
------------------
[1734359719] Executed Order: [Best Order: OrderRequest { broker_id: 5, client_id: 1, order_id: "order67", stock_symbol: "TSLA", order_type: Limit, order_action: Buy, price: 98.7386222466418, quantity: 4, status: Completed }] [Market Order: OrderRequest { broker_id: 2, client_id: 3, order_id: "order64", stock_symbol: "TSLA", order_type: Market, order_action: Sell, price: 98.7386222466418, quantity: 4, status: Completed }] | 

Updated Stock: [Name: TSLA, Price: 98.74]
------------------
[1734359720] Executed Order: [Best Order: OrderRequest { broker_id: 6, client_id: 5, order_id: "order81", stock_symbol: "GOOG", order_type: Limit, order_action: Sell, price: 111.48531686406407, quantity: 1, status: Completed }] [Market Order: OrderRequest { broker_id: 7, client_id: 6, order_id: "order59", stock_symbol: "GOOG", order_type: Market, order_action: Buy, price: 111.48531686406407, quantity: 1, status: Completed }] | 

Updated Stock: [Name: GOOG, Price: 111.49]
------------------
[1734359721] Executed Order: [Best Order: OrderRequest { broker_id: 4, client_id: 4, order_id: "order43", stock_symbol: "AMZN", order_type: Limit, order_action: Sell, price: 100.0, quantity: 1, status: Completed }] [Market Order: OrderRequest { broker_id: 5, client_id: 10, order_id: "order67", stock_symbol: "AMZN", order_type: Market, order_action: Buy, price: 100.0, quantity: 1, status: Completed }] | 

Updated Stock: [Name: AMZN, Price: 100.00]
------------------
[1734359721] Executed Order: [Best Order: OrderRequest { broker_id: 2, client_id: 6, order_id: "order23", stock_symbol: "AMZN", order_type: Limit, order_action: Sell, price: 100.0, quantity: 4, status: Completed }] [Market Order: OrderRequest { broker_id: 5, client_id: 10, order_id: "order67", stock_symbol: "AMZN", order_type: Market, order_action: Buy, price: 100.0, quantity: 4, status: Completed }] | 

Updated Stock: [Name: AMZN, Price: 100.00]
------------------
[1734359722] Executed Order: [Best Order: OrderRequest { broker_id: 7, client_id: 6, order_id: "order59", stock_symbol: "GOOG", order_type: Limit, order_action: Buy, price: 100.0, quantity: 4, status: Completed }] [Market Order: OrderRequest { broker_id: 5, client_id: 4, order_id: "order51", stock_symbol: "GOOG", order_type: Market, order_action: Sell, price: 100.0, quantity: 4, status: Completed }] | 

Updated Stock: [Name: GOOG, Price: 100.00]
------------------
[1734359722] Executed Order: [Best Order: OrderRequest { broker_id: 7, client_id: 3, order_id: "order61", stock_symbol: "GOOG", order_type: Limit, order_action: Buy, price: 95.4612231898409, quantity: 2, status: Completed }] [Market Order: OrderRequest { broker_id: 5, client_id: 4, order_id: "order51", stock_symbol: "GOOG", order_type: Market, order_action: Sell, price: 95.4612231898409, quantity: 2, status: Completed }] | 

Updated Stock: [Name: GOOG, Price: 95.46]
------------------
[1734359726] Executed Order: [Best Order: OrderRequest { broker_id: 2, client_id: 3, order_id: "order64", stock_symbol: "TSLA", order_type: Limit, order_action: Sell, price: 100.0, quantity: 2, status: Completed }] [Market Order: OrderRequest { broker_id: 7, client_id: 3, order_id: "order59", stock_symbol: "TSLA", order_type: Market, order_action: Buy, price: 100.0, quantity: 2, status: Completed }] | 

Updated Stock: [Name: TSLA, Price: 100.00]
------------------
[1734359728] Executed Order: [Best Order: OrderRequest { broker_id: 5, client_id: 10, order_id: "order80", stock_symbol: "APPL", order_type: Limit, order_action: Buy, price: 100.0, quantity: 3, status: Completed }] [Market Order: OrderRequest { broker_id: 5, client_id: 5, order_id: "order8", stock_symbol: "APPL", order_type: Market, order_action: Sell, price: 100.0, quantity: 3, status: Completed }] | 

Updated Stock: [Name: APPL, Price: 100.00]
------------------
[1734359730] Executed Order: [Best Order: OrderRequest { broker_id: 2, client_id: 3, order_id: "order64", stock_symbol: "TSLA", order_type: Limit, order_action: Sell, price: 100.0, quantity: 2, status: Completed }] [Market Order: OrderRequest { broker_id: 1, client_id: 3, order_id: "order63", stock_symbol: "TSLA", order_type: Market, order_action: Buy, price: 100.0, quantity: 2, status: Completed }] | 

Updated Stock: [Name: TSLA, Price: 100.00]
------------------
[1734359730] Executed Order: [Best Order: OrderRequest { broker_id: 4, client_id: 7, order_id: "order30", stock_symbol: "TSLA", order_type: Limit, order_action: Sell, price: 102.41686127662554, quantity: 5, status: Completed }] [Market Order: OrderRequest { broker_id: 1, client_id: 3, order_id: "order63", stock_symbol: "TSLA", order_type: Market, order_action: Buy, price: 102.41686127662554, quantity: 5, status: Completed }] | 

Updated Stock: [Name: TSLA, Price: 102.42]
------------------
[1734359732] Executed Order: [Best Order: OrderRequest { broker_id: 2, client_id: 6, order_id: "order23", stock_symbol: "AMZN", order_type: Limit, order_action: Sell, price: 100.0, quantity: 3, status: Completed }] [Market Order: OrderRequest { broker_id: 10, client_id: 2, order_id: "order39", stock_symbol: "AMZN", order_type: Market, order_action: Buy, price: 100.0, quantity: 3, status: Completed }] | 

Updated Stock: [Name: AMZN, Price: 100.00]
------------------
[1734359732] Executed Order: [Best Order: OrderRequest { broker_id: 3, client_id: 5, order_id: "order13", stock_symbol: "AMZN", order_type: Limit, order_action: Sell, price: 100.0, quantity: 7, status: Completed }] [Market Order: OrderRequest { broker_id: 10, client_id: 2, order_id: "order39", stock_symbol: "AMZN", order_type: Market, order_action: Buy, price: 100.0, quantity: 7, status: Completed }] | 

Updated Stock: [Name: AMZN, Price: 100.00]
------------------
[1734359736] Executed Order: [Best Order: OrderRequest { broker_id: 7, client_id: 7, order_id: "order74", stock_symbol: "MSFT", order_type: Limit, order_action: Sell, price: 100.0, quantity: 3, status: Completed }] [Market Order: OrderRequest { broker_id: 8, client_id: 2, order_id: "order26", stock_symbol: "MSFT", order_type: Market, order_action: Buy, price: 100.0, quantity: 3, status: Completed }] | 

Updated Stock: [Name: MSFT, Price: 100.00]
------------------
[1734359736] Executed Order: [Best Order: OrderRequest { broker_id: 9, client_id: 10, order_id: "order38", stock_symbol: "MSFT", order_type: Limit, order_action: Sell, price: 104.66488992459227, quantity: 4, status: Completed }] [Market Order: OrderRequest { broker_id: 8, client_id: 2, order_id: "order26", stock_symbol: "MSFT", order_type: Market, order_action: Buy, price: 104.66488992459227, quantity: 4, status: Completed }] | 

Updated Stock: [Name: MSFT, Price: 104.66]
------------------
[1734359741] Executed Order: [Best Order: OrderRequest { broker_id: 7, client_id: 1, order_id: "order92", stock_symbol: "GOOG", order_type: Limit, order_action: Sell, price: 100.0, quantity: 3, status: Completed }] [Market Order: OrderRequest { broker_id: 8, client_id: 10, order_id: "order66", stock_symbol: "GOOG", order_type: Market, order_action: Buy, price: 100.0, quantity: 3, status: Completed }] | 

Updated Stock: [Name: GOOG, Price: 100.00]
------------------
